Arguments: 
  /Users/a888/.nvm/versions/node/v8.9.1/bin/node /Users/a888/.yarn/bin/yarn.js init

PATH: 
  /Users/a888/.rvm/gems/ruby-2.2.4/bin:/Users/a888/.rvm/gems/ruby-2.2.4@global/bin:/Users/a888/.rvm/rubies/ruby-2.2.4/bin:/Users/a888/.yarn/bin:/usr/local/opt/openssl/bin:/Users/a888/.nvm/versions/node/v8.9.1/bin:/usr/local/bin:/usr/bin:/bin:/usr/sbin:/sbin:/Users/a888/Downloads/scanner/bin/:/opt/X11/bin:/usr/local/go/bin:/Users/a888/.vimpkg/bin:/Users/a888/Library/Android/sdk/tools:/Users/a888/Library/Android/sdk/platform-tools:/Users/a888/.rvm/bin

Yarn version: 
  1.3.2

Node version: 
  8.9.1

Platform: 
  darwin x64

npm manifest: 
  No manifest

yarn manifest: 
  No manifest

Lockfile: 
  No lockfile

Trace: 
  Error: canceled
      at Interface.<anonymous> (/Users/a888/.yarn/lib/cli.js:121045:13)
      at emitNone (events.js:106:13)
      at Interface.emit (events.js:208:7)
      at Interface._ttyWrite (readline.js:775:16)
      at ReadStream.onkeypress (readline.js:160:10)
      at emitTwo (events.js:126:13)
      at ReadStream.emit (events.js:214:7)
      at emitKeys (internal/readline.js:420:14)
      at emitKeys.next (<anonymous>)
      at ReadStream.onData (readline.js:1011:36)
